<?xml version="1.0" encoding="UTF-8"?>
<!-- Generated by org.testng.reporters.JUnitReportReporter -->
<testsuite skipped="0" hostname="DESKTOP-OTLD1LK" name="Net.phptravels.Register0002.Testng_Demo" tests="1" failures="0" timestamp="17 Jul 2020 02:34:17 GMT" time="0.006" errors="0">
  <testcase name="openURL" time="0.006" classname="Net.phptravels.Register0002.Testng_Demo"/>
</testsuite> <!-- Net.phptravels.Register0002.Testng_Demo -->
